<?xml version="1.0" encoding="utf-8"?><testsuites name="pytest tests"><testsuite name="pytest" errors="0" failures="0" skipped="0" tests="36" time="37.841" timestamp="2026-02-01T12:27:36.905466+00:00" hostname="agent-env-c70ff3d8-df42-4f96-9617-2ec81c854e07"><testcase classname="backend.tests.test_ai_orchestration.TestAIOrchestration" name="test_get_agents_no_auth" time="0.087" /><testcase classname="backend.tests.test_ai_orchestration.TestAIOrchestration" name="test_get_agents_returns_correct_structure" time="0.038" /><testcase classname="backend.tests.test_ai_orchestration.TestAIOrchestration" name="test_orchestrator_agent_has_correct_capabilities" time="0.042" /><testcase classname="backend.tests.test_ai_orchestration.TestAIOrchestration" name="test_chat_requires_auth" time="0.039" /><testcase classname="backend.tests.test_ai_orchestration.TestAIOrchestration" name="test_chat_requires_message" time="0.293" /><testcase classname="backend.tests.test_ai_orchestration.TestAIOrchestration" name="test_chat_basic_message" time="4.469" /><testcase classname="backend.tests.test_ai_orchestration.TestAIOrchestration" name="test_chat_returns_plan_for_complex_request" time="2.024" /><testcase classname="backend.tests.test_ai_orchestration.TestAIOrchestration" name="test_chat_with_session_maintains_context" time="6.292" /><testcase classname="backend.tests.test_ai_orchestration.TestAIOrchestration" name="test_pending_plans_requires_auth" time="0.057" /><testcase classname="backend.tests.test_ai_orchestration.TestAIOrchestration" name="test_pending_plans_returns_list" time="0.274" /><testcase classname="backend.tests.test_ai_orchestration.TestAIOrchestration" name="test_active_plans_requires_auth" time="0.081" /><testcase classname="backend.tests.test_ai_orchestration.TestAIOrchestration" name="test_active_plans_returns_list" time="0.309" /><testcase classname="backend.tests.test_ai_orchestration.TestAIOrchestration" name="test_quick_action_requires_auth" time="0.040" /><testcase classname="backend.tests.test_ai_orchestration.TestAIOrchestration" name="test_quick_action_requires_task" time="0.276" /><testcase classname="backend.tests.test_ai_orchestration.TestAIOrchestration" name="test_quick_action_with_research_agent" time="7.303" /><testcase classname="backend.tests.test_ai_orchestration.TestAIOrchestration" name="test_quick_action_with_qualification_agent" time="4.217" /><testcase classname="backend.tests.test_ai_orchestration.TestAIOrchestration" name="test_quick_action_with_invalid_agent_falls_back" time="0.313" /><testcase classname="backend.tests.test_ai_orchestration.TestAIOrchestration" name="test_suggest_requires_auth" time="0.039" /><testcase classname="backend.tests.test_ai_orchestration.TestAIOrchestration" name="test_suggest_returns_suggestions" time="1.862" /><testcase classname="backend.tests.test_ai_orchestration.TestAIOrchestration" name="test_suggest_with_prospect_context" time="2.874" /><testcase classname="backend.tests.test_ai_orchestration.TestAIOrchestration" name="test_suggest_with_workflow_context" time="3.303" /><testcase classname="backend.tests.test_ai_orchestration.TestAIOrchestration" name="test_approve_nonexistent_plan" time="0.293" /><testcase classname="backend.tests.test_ai_orchestration.TestAIOrchestration" name="test_reject_nonexistent_plan" time="0.272" /><testcase classname="backend.tests.test_ai_orchestration.TestAIOrchestration" name="test_get_session_requires_auth" time="0.037" /><testcase classname="backend.tests.test_ai_orchestration.TestAIOrchestration" name="test_get_nonexistent_session" time="0.277" /><testcase classname="backend.tests.test_ai_orchestration.TestAIOrchestration" name="test_get_session_after_chat" time="1.327" /><testcase classname="backend.tests.test_ai_orchestration.TestAIOrchestration" name="test_get_sessions_requires_auth" time="0.037" /><testcase classname="backend.tests.test_ai_orchestration.TestAIOrchestration" name="test_get_sessions_returns_list" time="0.267" /><testcase classname="backend.tests.test_ai_orchestration.TestAIOrchestration" name="test_recent_activity_requires_auth" time="0.042" /><testcase classname="backend.tests.test_ai_orchestration.TestAIOrchestration" name="test_recent_activity_returns_list" time="0.270" /><testcase classname="backend.tests.test_ai_orchestration.TestAIOrchestration" name="test_pause_nonexistent_plan" time="0.268" /><testcase classname="backend.tests.test_ai_orchestration.TestAIOrchestration" name="test_resume_nonexistent_plan" time="0.274" /><testcase classname="backend.tests.test_ai_orchestration.TestUnifiedAgentFramework" name="test_all_8_agents_present" time="0.035" /><testcase classname="backend.tests.test_ai_orchestration.TestUnifiedAgentFramework" name="test_agents_have_capabilities" time="0.035" /><testcase classname="backend.tests.test_ai_orchestration.TestUnifiedAgentFramework" name="test_outreach_agent_requires_approval" time="0.037" /><testcase classname="backend.tests.test_ai_orchestration.TestUnifiedAgentFramework" name="test_workflow_agent_requires_approval" time="0.037" /></testsuite></testsuites>