<?xml version="1.0" encoding="utf-8"?><testsuites name="pytest tests"><testsuite name="pytest" errors="0" failures="0" skipped="0" tests="14" time="479.228" timestamp="2026-01-28T20:22:03.729805+00:00" hostname="agent-env-10dae244-636c-46e3-b2e3-e4189384f4d8"><testcase classname="tests.test_autonomous_prospecting.TestAutonomousProspectingEndpoints" name="test_get_competitor_sources" time="0.328" /><testcase classname="tests.test_autonomous_prospecting.TestAutonomousProspectingEndpoints" name="test_get_autonomous_status" time="0.280" /><testcase classname="tests.test_autonomous_prospecting.TestAutonomousProspectingEndpoints" name="test_get_learnings" time="0.282" /><testcase classname="tests.test_autonomous_prospecting.TestAutonomousProspectingEndpoints" name="test_discovery_loop" time="65.491" /><testcase classname="tests.test_autonomous_prospecting.TestAutonomousProspectingEndpoints" name="test_research_loop" time="17.655" /><testcase classname="tests.test_autonomous_prospecting.TestAutonomousProspectingEndpoints" name="test_outreach_loop" time="0.300" /><testcase classname="tests.test_autonomous_prospecting.TestAutonomousProspectingEndpoints" name="test_learning_loop" time="58.471" /><testcase classname="tests.test_autonomous_prospecting.TestAutonomousProspectingEndpoints" name="test_start_autonomous_engine" time="1.354" /><testcase classname="tests.test_autonomous_prospecting.TestAutonomousProspectingEndpoints" name="test_stop_autonomous_engine" time="106.797" /><testcase classname="tests.test_autonomous_prospecting.TestAutonomousProspectingEndpoints" name="test_status_after_stop" time="117.384" /><testcase classname="tests.test_autonomous_prospecting.TestAutonomousProspectingAuth" name="test_competitor_sources_no_auth_required" time="10.162" /><testcase classname="tests.test_autonomous_prospecting.TestAutonomousProspectingAuth" name="test_status_requires_auth" time="27.347" /><testcase classname="tests.test_autonomous_prospecting.TestAutonomousProspectingAuth" name="test_loops_require_auth" time="73.180" /><testcase classname="tests.test_autonomous_prospecting.TestAutonomousProspectingAuth" name="test_start_stop_require_auth" time="0.111" /></testsuite></testsuites>