<?xml version="1.0" encoding="utf-8"?><testsuites name="pytest tests"><testsuite name="pytest" errors="0" failures="0" skipped="0" tests="17" time="420.900" timestamp="2026-01-28T20:59:00.624079+00:00" hostname="agent-env-10dae244-636c-46e3-b2e3-e4189384f4d8"><testcase classname="tests.test_scheduled_runs_approvals.TestScheduledRuns" name="test_create_scheduled_run" time="0.375" /><testcase classname="tests.test_scheduled_runs_approvals.TestScheduledRuns" name="test_get_scheduled_runs" time="0.282" /><testcase classname="tests.test_scheduled_runs_approvals.TestScheduledRuns" name="test_update_scheduled_run" time="0.302" /><testcase classname="tests.test_scheduled_runs_approvals.TestScheduledRuns" name="test_delete_scheduled_run" time="0.346" /><testcase classname="tests.test_scheduled_runs_approvals.TestScheduledRuns" name="test_run_schedule_now" time="105.512" /><testcase classname="tests.test_scheduled_runs_approvals.TestApprovalWorkflow" name="test_get_pending_approvals" time="276.712" /><testcase classname="tests.test_scheduled_runs_approvals.TestApprovalWorkflow" name="test_approve_email_draft" time="35.707" /><testcase classname="tests.test_scheduled_runs_approvals.TestApprovalWorkflow" name="test_reject_email_draft" time="0.363" /><testcase classname="tests.test_scheduled_runs_approvals.TestApprovalWorkflow" name="test_edit_email_draft" time="0.317" /><testcase classname="tests.test_scheduled_runs_approvals.TestApprovalWorkflow" name="test_bulk_approve_emails" time="0.302" /><testcase classname="tests.test_scheduled_runs_approvals.TestRunHistory" name="test_get_run_history" time="0.330" /><testcase classname="tests.test_scheduled_runs_approvals.TestAuthRequirements" name="test_schedules_requires_auth" time="0.042" /><testcase classname="tests.test_scheduled_runs_approvals.TestAuthRequirements" name="test_pending_approvals_requires_auth" time="0.061" /><testcase classname="tests.test_scheduled_runs_approvals.TestAuthRequirements" name="test_history_requires_auth" time="0.037" /><testcase classname="tests.test_scheduled_runs_approvals.TestAuthRequirements" name="test_create_schedule_requires_auth" time="0.040" /><testcase classname="tests.test_scheduled_runs_approvals.TestAuthRequirements" name="test_approve_requires_auth" time="0.039" /><testcase classname="tests.test_scheduled_runs_approvals.TestAuthRequirements" name="test_bulk_approve_requires_auth" time="0.041" /></testsuite></testsuites>