<?xml version="1.0" encoding="utf-8"?><testsuites name="pytest tests"><testsuite name="pytest" errors="0" failures="1" skipped="0" tests="19" time="31.218" timestamp="2026-01-28T18:50:26.084780+00:00" hostname="agent-env-3328d993-5a38-41b4-9092-fc0a8c04c5c1"><testcase classname="backend.tests.test_salesflow_api.TestHealthEndpoint" name="test_health_check" time="0.093" /><testcase classname="backend.tests.test_salesflow_api.TestAuthEndpoints" name="test_register_new_user" time="0.293" /><testcase classname="backend.tests.test_salesflow_api.TestAuthEndpoints" name="test_register_duplicate_email" time="0.043" /><testcase classname="backend.tests.test_salesflow_api.TestAuthEndpoints" name="test_login_success" time="0.267" /><testcase classname="backend.tests.test_salesflow_api.TestAuthEndpoints" name="test_login_invalid_credentials" time="0.041" /><testcase classname="backend.tests.test_salesflow_api.TestAuthEndpoints" name="test_get_current_user" time="0.352" /><testcase classname="backend.tests.test_salesflow_api.TestAuthEndpoints" name="test_unauthorized_access" time="0.044" /><testcase classname="backend.tests.test_salesflow_api.TestProspectsEndpoints" name="test_get_prospects_list" time="0.312" /><testcase classname="backend.tests.test_salesflow_api.TestProspectsEndpoints" name="test_create_prospect" time="0.336" /><testcase classname="backend.tests.test_salesflow_api.TestProspectsEndpoints" name="test_create_and_get_prospect" time="0.340" /><testcase classname="backend.tests.test_salesflow_api.TestProspectsEndpoints" name="test_update_prospect" time="0.397" /><testcase classname="backend.tests.test_salesflow_api.TestProspectsEndpoints" name="test_delete_prospect" time="0.383" /><testcase classname="backend.tests.test_salesflow_api.TestGoogleIntegration" name="test_google_status" time="0.315" /><testcase classname="backend.tests.test_salesflow_api.TestGoogleIntegration" name="test_google_oauth_init" time="0.307" /><testcase classname="backend.tests.test_salesflow_api.TestUniversalChat" name="test_chat_message" time="9.286" /><testcase classname="backend.tests.test_salesflow_api.TestUniversalChat" name="test_chat_prospect_search_intent" time="17.371" /><testcase classname="backend.tests.test_salesflow_api.TestUniversalChat" name="test_chat_sessions" time="0.335" /><testcase classname="backend.tests.test_salesflow_api.TestMicroAgents" name="test_get_micro_agent_types" time="0.300" /><testcase classname="backend.tests.test_salesflow_api.TestIntegrations" name="test_get_integrations" time="0.302"><failure message="assert 404 == 200&#10; +  where 404 = &lt;Response [404]&gt;.status_code">backend/tests/test_salesflow_api.py:427: in test_get_integrations
    assert response.status_code == 200
E   assert 404 == 200
E    +  where 404 = &lt;Response [404]&gt;.status_code</failure></testcase></testsuite></testsuites>