<?xml version="1.0" encoding="utf-8"?><testsuites name="pytest tests"><testsuite name="pytest" errors="0" failures="0" skipped="0" tests="20" time="41.245" timestamp="2026-02-01T13:53:09.613542+00:00" hostname="agent-env-c70ff3d8-df42-4f96-9617-2ec81c854e07"><testcase classname="backend.tests.test_new_ai_features.TestAICreateWorkflow" name="test_create_workflow_no_auth" time="0.064" /><testcase classname="backend.tests.test_new_ai_features.TestAICreateWorkflow" name="test_create_workflow_no_description" time="0.332" /><testcase classname="backend.tests.test_new_ai_features.TestAICreateWorkflow" name="test_create_workflow_success" time="13.853" /><testcase classname="backend.tests.test_new_ai_features.TestAICreateWorkflow" name="test_create_workflow_with_complex_description" time="4.686" /><testcase classname="backend.tests.test_new_ai_features.TestUnifiedApprovals" name="test_unified_approvals_no_auth" time="0.040" /><testcase classname="backend.tests.test_new_ai_features.TestUnifiedApprovals" name="test_unified_approvals_success" time="0.303" /><testcase classname="backend.tests.test_new_ai_features.TestApproveUnifiedItem" name="test_approve_item_no_auth" time="0.055" /><testcase classname="backend.tests.test_new_ai_features.TestApproveUnifiedItem" name="test_approve_nonexistent_plan" time="0.302" /><testcase classname="backend.tests.test_new_ai_features.TestApproveUnifiedItem" name="test_approve_item_invalid_type" time="0.037" /><testcase classname="backend.tests.test_new_ai_features.TestDocumentUpload" name="test_upload_no_auth" time="0.041" /><testcase classname="backend.tests.test_new_ai_features.TestDocumentUpload" name="test_upload_no_content" time="0.340" /><testcase classname="backend.tests.test_new_ai_features.TestDocumentUpload" name="test_upload_text_document" time="2.274" /><testcase classname="backend.tests.test_new_ai_features.TestDocumentUpload" name="test_upload_json_document" time="3.399" /><testcase classname="backend.tests.test_new_ai_features.TestVoiceTranscribe" name="test_transcribe_no_auth" time="0.062" /><testcase classname="backend.tests.test_new_ai_features.TestVoiceTranscribe" name="test_transcribe_no_audio" time="0.299" /><testcase classname="backend.tests.test_new_ai_features.TestVoiceTranscribe" name="test_transcribe_placeholder_response" time="0.042" /><testcase classname="backend.tests.test_new_ai_features.TestAIStats" name="test_stats_no_auth" time="0.037" /><testcase classname="backend.tests.test_new_ai_features.TestAIStats" name="test_stats_success" time="0.305" /><testcase classname="backend.tests.test_new_ai_features.TestWorkflowNodesAndEdges" name="test_workflow_has_proper_structure" time="5.303" /><testcase classname="backend.tests.test_new_ai_features.TestIntegrationFlow" name="test_full_flow" time="9.373" /></testsuite></testsuites>