<?xml version="1.0" encoding="utf-8"?><testsuites name="pytest tests"><testsuite name="pytest" errors="0" failures="0" skipped="0" tests="32" time="26.487" timestamp="2026-01-28T21:47:33.573295+00:00" hostname="agent-env-10dae244-636c-46e3-b2e3-e4189384f4d8"><testcase classname="backend.tests.test_email_webhooks_templates.TestEmailWebhooksTemplates" name="test_sendgrid_webhook_delivered" time="0.357" /><testcase classname="backend.tests.test_email_webhooks_templates.TestEmailWebhooksTemplates" name="test_sendgrid_webhook_open" time="0.290" /><testcase classname="backend.tests.test_email_webhooks_templates.TestEmailWebhooksTemplates" name="test_sendgrid_webhook_click" time="0.295" /><testcase classname="backend.tests.test_email_webhooks_templates.TestEmailWebhooksTemplates" name="test_sendgrid_webhook_bounce" time="0.285" /><testcase classname="backend.tests.test_email_webhooks_templates.TestEmailWebhooksTemplates" name="test_sendgrid_webhook_batch" time="0.330" /><testcase classname="backend.tests.test_email_webhooks_templates.TestEmailWebhooksTemplates" name="test_mailgun_webhook_delivered" time="0.281" /><testcase classname="backend.tests.test_email_webhooks_templates.TestEmailWebhooksTemplates" name="test_mailgun_webhook_opened" time="0.290" /><testcase classname="backend.tests.test_email_webhooks_templates.TestEmailWebhooksTemplates" name="test_mailgun_webhook_clicked" time="0.282" /><testcase classname="backend.tests.test_email_webhooks_templates.TestEmailWebhooksTemplates" name="test_generic_webhook_requires_auth" time="0.310" /><testcase classname="backend.tests.test_email_webhooks_templates.TestEmailWebhooksTemplates" name="test_generic_webhook_missing_fields" time="0.280" /><testcase classname="backend.tests.test_email_webhooks_templates.TestEmailWebhooksTemplates" name="test_generic_webhook_email_not_found" time="0.279" /><testcase classname="backend.tests.test_email_webhooks_templates.TestEmailWebhooksTemplates" name="test_get_template_categories" time="0.283" /><testcase classname="backend.tests.test_email_webhooks_templates.TestEmailWebhooksTemplates" name="test_get_all_templates" time="0.279" /><testcase classname="backend.tests.test_email_webhooks_templates.TestEmailWebhooksTemplates" name="test_get_templates_by_category" time="0.284" /><testcase classname="backend.tests.test_email_webhooks_templates.TestEmailWebhooksTemplates" name="test_get_templates_follow_up_category" time="0.322" /><testcase classname="backend.tests.test_email_webhooks_templates.TestEmailWebhooksTemplates" name="test_get_specific_template" time="0.328" /><testcase classname="backend.tests.test_email_webhooks_templates.TestEmailWebhooksTemplates" name="test_get_nonexistent_template" time="0.286" /><testcase classname="backend.tests.test_email_webhooks_templates.TestEmailWebhooksTemplates" name="test_create_custom_template" time="0.318" /><testcase classname="backend.tests.test_email_webhooks_templates.TestEmailWebhooksTemplates" name="test_update_custom_template" time="0.444" /><testcase classname="backend.tests.test_email_webhooks_templates.TestEmailWebhooksTemplates" name="test_delete_custom_template" time="0.384" /><testcase classname="backend.tests.test_email_webhooks_templates.TestEmailWebhooksTemplates" name="test_cannot_delete_default_template" time="0.323" /><testcase classname="backend.tests.test_email_webhooks_templates.TestEmailWebhooksTemplates" name="test_personalize_template_with_variables" time="0.286" /><testcase classname="backend.tests.test_email_webhooks_templates.TestEmailWebhooksTemplates" name="test_personalize_template_partial_variables" time="0.289" /><testcase classname="backend.tests.test_email_webhooks_templates.TestEmailWebhooksTemplates" name="test_personalize_nonexistent_template" time="0.277" /><testcase classname="backend.tests.test_email_webhooks_templates.TestEmailWebhooksTemplates" name="test_generate_template_cold_outreach" time="5.617" /><testcase classname="backend.tests.test_email_webhooks_templates.TestEmailWebhooksTemplates" name="test_generate_template_follow_up" time="4.124" /><testcase classname="backend.tests.test_email_webhooks_templates.TestEmailWebhooksTemplates" name="test_generate_template_casual_tone" time="4.091" /><testcase classname="backend.tests.test_email_webhooks_templates.TestEmailWebhooksTemplates" name="test_generate_template_empty_description" time="3.809" /><testcase classname="backend.tests.test_email_webhooks_templates.TestEmailWebhooksTemplates" name="test_create_draft_from_template_requires_prospect" time="0.314" /><testcase classname="backend.tests.test_email_webhooks_templates.TestEmailWebhooksTemplates" name="test_create_draft_from_template_nonexistent_prospect" time="0.364" /><testcase classname="backend.tests.test_email_webhooks_templates.TestEmailWebhooksTemplates" name="test_templates_require_auth" time="0.325" /><testcase classname="backend.tests.test_email_webhooks_templates.TestEmailWebhooksTemplates" name="test_categories_no_auth_required" time="0.338" /></testsuite></testsuites>