<?xml version="1.0" encoding="utf-8"?><testsuites name="pytest tests"><testsuite name="pytest" errors="0" failures="0" skipped="0" tests="16" time="2.400" timestamp="2026-02-01T18:52:24.064876+00:00" hostname="agent-env-49d943d4-2ba1-4774-accd-4153e200584c"><testcase classname="tests.test_learning_nlp_customization.TestLearningSummary" name="test_get_learning_summary_success" time="0.409" /><testcase classname="tests.test_learning_nlp_customization.TestLearningSummary" name="test_get_learning_summary_unauthenticated" time="0.036" /><testcase classname="tests.test_learning_nlp_customization.TestAgentCustomization" name="test_get_agent_customization_success" time="0.293" /><testcase classname="tests.test_learning_nlp_customization.TestAgentCustomization" name="test_update_agent_customization" time="0.043" /><testcase classname="tests.test_learning_nlp_customization.TestNLPAgentCustomization" name="test_nlp_customize_casual_tone" time="0.302" /><testcase classname="tests.test_learning_nlp_customization.TestNLPAgentCustomization" name="test_nlp_customize_formal_tone" time="0.038" /><testcase classname="tests.test_learning_nlp_customization.TestNLPAgentCustomization" name="test_nlp_customize_concise" time="0.035" /><testcase classname="tests.test_learning_nlp_customization.TestNLPAgentCustomization" name="test_nlp_customize_detailed" time="0.036" /><testcase classname="tests.test_learning_nlp_customization.TestNLPAgentCustomization" name="test_nlp_customize_empty_instruction_fails" time="0.034" /><testcase classname="tests.test_learning_nlp_customization.TestNLPAgentCustomization" name="test_nlp_customize_no_keywords" time="0.034" /><testcase classname="tests.test_learning_nlp_customization.TestLearningHistory" name="test_get_learning_history" time="0.304" /><testcase classname="tests.test_learning_nlp_customization.TestLearningHistory" name="test_get_learning_history_with_agent_filter" time="0.037" /><testcase classname="tests.test_learning_nlp_customization.TestLearningHistory" name="test_record_learning" time="0.045" /><testcase classname="tests.test_learning_nlp_customization.TestLearningHistory" name="test_get_agent_learnings" time="0.036" /><testcase classname="tests.test_learning_nlp_customization.TestCustomizationHistory" name="test_get_customization_history" time="0.299" /><testcase classname="tests.test_learning_nlp_customization.TestLearningFeedback" name="test_add_learning_feedback" time="0.332" /></testsuite></testsuites>