<?xml version="1.0" encoding="utf-8"?><testsuites name="pytest tests"><testsuite name="pytest" errors="0" failures="1" skipped="0" tests="23" time="45.341" timestamp="2026-02-01T19:29:29.814637+00:00" hostname="agent-env-49d943d4-2ba1-4774-accd-4153e200584c"><testcase classname="backend.tests.test_agent_teams_lead_scoring_ab_testing.TestAgentTeams" name="test_get_team_templates" time="6.569" /><testcase classname="backend.tests.test_agent_teams_lead_scoring_ab_testing.TestAgentTeams" name="test_create_custom_team" time="0.068" /><testcase classname="backend.tests.test_agent_teams_lead_scoring_ab_testing.TestAgentTeams" name="test_create_team_from_template" time="0.036" /><testcase classname="backend.tests.test_agent_teams_lead_scoring_ab_testing.TestAgentTeams" name="test_execute_team_parallel" time="25.351" /><testcase classname="backend.tests.test_agent_teams_lead_scoring_ab_testing.TestAgentTeams" name="test_get_teams_analytics" time="0.073" /><testcase classname="backend.tests.test_agent_teams_lead_scoring_ab_testing.TestLeadScoring" name="test_get_scoring_config" time="0.303"><failure message="AssertionError: Should have company_size factor&#10;assert 'company_size' in {'engagement_score': {'weight': 25}}">backend/tests/test_agent_teams_lead_scoring_ab_testing.py:222: in test_get_scoring_config
    assert factor in factors, f"Should have {factor} factor"
E   AssertionError: Should have company_size factor
E   assert 'company_size' in {'engagement_score': {'weight': 25}}</failure></testcase><testcase classname="backend.tests.test_agent_teams_lead_scoring_ab_testing.TestLeadScoring" name="test_score_prospect" time="0.043" /><testcase classname="backend.tests.test_agent_teams_lead_scoring_ab_testing.TestLeadScoring" name="test_update_factor_weight" time="0.074" /><testcase classname="backend.tests.test_agent_teams_lead_scoring_ab_testing.TestLeadScoring" name="test_invalid_factor_weight" time="0.073" /><testcase classname="backend.tests.test_agent_teams_lead_scoring_ab_testing.TestLeadScoring" name="test_get_score_distribution" time="0.040" /><testcase classname="backend.tests.test_agent_teams_lead_scoring_ab_testing.TestLeadScoring" name="test_record_outcome_learn" time="0.125" /><testcase classname="backend.tests.test_agent_teams_lead_scoring_ab_testing.TestLeadScoring" name="test_invalid_outcome" time="0.039" /><testcase classname="backend.tests.test_agent_teams_lead_scoring_ab_testing.TestABTesting" name="test_create_ab_test" time="0.335" /><testcase classname="backend.tests.test_agent_teams_lead_scoring_ab_testing.TestABTesting" name="test_start_ab_test" time="0.073" /><testcase classname="backend.tests.test_agent_teams_lead_scoring_ab_testing.TestABTesting" name="test_record_test_event" time="0.504" /><testcase classname="backend.tests.test_agent_teams_lead_scoring_ab_testing.TestABTesting" name="test_complete_ab_test" time="5.665" /><testcase classname="backend.tests.test_agent_teams_lead_scoring_ab_testing.TestABTesting" name="test_suggest_ab_test" time="4.271" /><testcase classname="backend.tests.test_agent_teams_lead_scoring_ab_testing.TestABTesting" name="test_get_ab_testing_analytics" time="0.051" /><testcase classname="backend.tests.test_agent_teams_lead_scoring_ab_testing.TestEdgeCases" name="test_ab_test_invalid_variant" time="0.320" /><testcase classname="backend.tests.test_agent_teams_lead_scoring_ab_testing.TestEdgeCases" name="test_ab_test_invalid_event_type" time="0.115" /><testcase classname="backend.tests.test_agent_teams_lead_scoring_ab_testing.TestEdgeCases" name="test_start_non_draft_test" time="0.112" /><testcase classname="backend.tests.test_agent_teams_lead_scoring_ab_testing.TestEdgeCases" name="test_parallel_execution_without_task" time="0.073" /><testcase classname="backend.tests.test_agent_teams_lead_scoring_ab_testing.TestCleanup" name="test_cleanup_test_data" time="0.944" /></testsuite></testsuites>