<?xml version="1.0" encoding="utf-8"?><testsuites name="pytest tests"><testsuite name="pytest" errors="0" failures="0" skipped="0" tests="12" time="11.573" timestamp="2026-01-28T19:11:33.643627+00:00" hostname="agent-env-3328d993-5a38-41b4-9092-fc0a8c04c5c1"><testcase classname="backend.tests.test_salesflow_api_v2.TestHealthEndpoint" name="test_health_check" time="0.081" /><testcase classname="backend.tests.test_salesflow_api_v2.TestAuthEndpoints" name="test_login_success" time="0.296" /><testcase classname="backend.tests.test_salesflow_api_v2.TestGoogleIntegration" name="test_google_status_returns_connected_false" time="0.357" /><testcase classname="backend.tests.test_salesflow_api_v2.TestGoogleIntegration" name="test_calendar_events_returns_error_when_not_connected" time="0.303" /><testcase classname="backend.tests.test_salesflow_api_v2.TestSendGridEmail" name="test_sendgrid_email_returns_error_when_not_configured" time="0.304" /><testcase classname="backend.tests.test_salesflow_api_v2.TestSendGridEmail" name="test_get_integrations_shows_sendgrid_status" time="0.306" /><testcase classname="backend.tests.test_salesflow_api_v2.TestNLPWorkflowGeneration" name="test_nlp_workflow_generation_endpoint_exists" time="8.258" /><testcase classname="backend.tests.test_salesflow_api_v2.TestNLPWorkflowGeneration" name="test_nlp_workflow_generation_requires_description" time="0.333" /><testcase classname="backend.tests.test_salesflow_api_v2.TestWorkflowTemplates" name="test_get_workflow_templates" time="0.310" /><testcase classname="backend.tests.test_salesflow_api_v2.TestProspectsWithEmailProvider" name="test_get_prospects_list" time="0.308" /><testcase classname="backend.tests.test_salesflow_api_v2.TestProspectsWithEmailProvider" name="test_create_prospect" time="0.320" /><testcase classname="backend.tests.test_salesflow_api_v2.TestEmailAnalytics" name="test_get_email_analytics" time="0.322" /></testsuite></testsuites>