<?xml version="1.0" encoding="utf-8"?><testsuites name="pytest tests"><testsuite name="pytest" errors="0" failures="1" skipped="0" tests="23" time="72.677" timestamp="2026-02-01T19:27:38.379806+00:00" hostname="agent-env-49d943d4-2ba1-4774-accd-4153e200584c"><testcase classname="backend.tests.test_agent_teams_lead_scoring_ab_testing.TestAgentTeams" name="test_get_team_templates" time="0.370" /><testcase classname="backend.tests.test_agent_teams_lead_scoring_ab_testing.TestAgentTeams" name="test_create_custom_team" time="0.037"><failure message="AssertionError: Failed: Internal Server Error&#10;assert 520 == 200&#10; +  where 520 = &lt;Response [520]&gt;.status_code">backend/tests/test_agent_teams_lead_scoring_ab_testing.py:96: in test_create_custom_team
    assert response.status_code == 200, f"Failed: {response.text}"
E   AssertionError: Failed: Internal Server Error
E   assert 520 == 200
E    +  where 520 = &lt;Response [520]&gt;.status_code</failure></testcase><testcase classname="backend.tests.test_agent_teams_lead_scoring_ab_testing.TestAgentTeams" name="test_create_team_from_template" time="0.046" /><testcase classname="backend.tests.test_agent_teams_lead_scoring_ab_testing.TestAgentTeams" name="test_execute_team_parallel" time="17.294" /><testcase classname="backend.tests.test_agent_teams_lead_scoring_ab_testing.TestAgentTeams" name="test_get_teams_analytics" time="0.072" /><testcase classname="backend.tests.test_agent_teams_lead_scoring_ab_testing.TestLeadScoring" name="test_get_scoring_config" time="0.299" /><testcase classname="backend.tests.test_agent_teams_lead_scoring_ab_testing.TestLeadScoring" name="test_score_prospect" time="0.038" /><testcase classname="backend.tests.test_agent_teams_lead_scoring_ab_testing.TestLeadScoring" name="test_update_factor_weight" time="0.097" /><testcase classname="backend.tests.test_agent_teams_lead_scoring_ab_testing.TestLeadScoring" name="test_invalid_factor_weight" time="0.068" /><testcase classname="backend.tests.test_agent_teams_lead_scoring_ab_testing.TestLeadScoring" name="test_get_score_distribution" time="0.038" /><testcase classname="backend.tests.test_agent_teams_lead_scoring_ab_testing.TestLeadScoring" name="test_record_outcome_learn" time="0.136" /><testcase classname="backend.tests.test_agent_teams_lead_scoring_ab_testing.TestLeadScoring" name="test_invalid_outcome" time="0.038" /><testcase classname="backend.tests.test_agent_teams_lead_scoring_ab_testing.TestABTesting" name="test_create_ab_test" time="0.331" /><testcase classname="backend.tests.test_agent_teams_lead_scoring_ab_testing.TestABTesting" name="test_start_ab_test" time="0.074" /><testcase classname="backend.tests.test_agent_teams_lead_scoring_ab_testing.TestABTesting" name="test_record_test_event" time="0.461" /><testcase classname="backend.tests.test_agent_teams_lead_scoring_ab_testing.TestABTesting" name="test_complete_ab_test" time="51.130" /><testcase classname="backend.tests.test_agent_teams_lead_scoring_ab_testing.TestABTesting" name="test_suggest_ab_test" time="0.186" /><testcase classname="backend.tests.test_agent_teams_lead_scoring_ab_testing.TestABTesting" name="test_get_ab_testing_analytics" time="0.041" /><testcase classname="backend.tests.test_agent_teams_lead_scoring_ab_testing.TestEdgeCases" name="test_ab_test_invalid_variant" time="0.333" /><testcase classname="backend.tests.test_agent_teams_lead_scoring_ab_testing.TestEdgeCases" name="test_ab_test_invalid_event_type" time="0.071" /><testcase classname="backend.tests.test_agent_teams_lead_scoring_ab_testing.TestEdgeCases" name="test_start_non_draft_test" time="0.153" /><testcase classname="backend.tests.test_agent_teams_lead_scoring_ab_testing.TestEdgeCases" name="test_parallel_execution_without_task" time="0.072" /><testcase classname="backend.tests.test_agent_teams_lead_scoring_ab_testing.TestCleanup" name="test_cleanup_test_data" time="1.161" /></testsuite></testsuites>