<?xml version="1.0" encoding="utf-8"?><testsuites name="pytest tests"><testsuite name="pytest" errors="0" failures="3" skipped="0" tests="22" time="63.158" timestamp="2026-01-28T21:20:47.929045+00:00" hostname="agent-env-10dae244-636c-46e3-b2e3-e4189384f4d8"><testcase classname="backend.tests.test_email_optimization.TestEmailOptimization" name="test_optimize_email_basic" time="8.727" /><testcase classname="backend.tests.test_email_optimization.TestEmailOptimization" name="test_optimize_email_without_context" time="12.269" /><testcase classname="backend.tests.test_email_optimization.TestEmailOptimization" name="test_create_ab_test_subject" time="1.986" /><testcase classname="backend.tests.test_email_optimization.TestEmailOptimization" name="test_create_ab_test_body" time="2.260" /><testcase classname="backend.tests.test_email_optimization.TestEmailOptimization" name="test_create_ab_test_full" time="7.767" /><testcase classname="backend.tests.test_email_optimization.TestEmailOptimization" name="test_list_ab_tests" time="0.303" /><testcase classname="backend.tests.test_email_optimization.TestEmailOptimization" name="test_get_ab_test_details" time="1.606" /><testcase classname="backend.tests.test_email_optimization.TestEmailOptimization" name="test_get_nonexistent_test" time="0.277" /><testcase classname="backend.tests.test_email_optimization.TestEmailOptimization" name="test_select_winner_auto" time="1.486" /><testcase classname="backend.tests.test_email_optimization.TestEmailOptimization" name="test_select_winner_manual" time="1.822" /><testcase classname="backend.tests.test_email_optimization.TestEmailOptimization" name="test_track_email_open" time="0.314" /><testcase classname="backend.tests.test_email_optimization.TestEmailOptimization" name="test_track_email_click" time="0.271" /><testcase classname="backend.tests.test_email_optimization.TestEmailOptimization" name="test_track_email_reply" time="0.275" /><testcase classname="backend.tests.test_email_optimization.TestEmailOptimization" name="test_track_with_variation" time="1.332" /><testcase classname="backend.tests.test_email_optimization.TestEmailOptimization" name="test_get_insights" time="0.323" /><testcase classname="backend.tests.test_email_optimization.TestEmailOptimization" name="test_auto_optimize_draft_not_found" time="0.275" /><testcase classname="backend.tests.test_email_optimization.TestEmailOptimization" name="test_get_optimization_history" time="12.617" /><testcase classname="backend.tests.test_email_optimization.TestEmailOptimization" name="test_optimize_empty_subject" time="7.473" /><testcase classname="backend.tests.test_email_optimization.TestEmailOptimization" name="test_create_test_minimum_variations" time="1.516" /><testcase classname="backend.tests.test_email_optimization.TestEmailOptimizationAuth" name="test_optimize_requires_auth" time="0.035"><failure message="AssertionError: Expected 401, got 403&#10;assert 403 == 401&#10; +  where 403 = &lt;Response [403]&gt;.status_code">backend/tests/test_email_optimization.py:415: in test_optimize_requires_auth
    assert response.status_code == 401, f"Expected 401, got {response.status_code}"
E   AssertionError: Expected 401, got 403
E   assert 403 == 401
E    +  where 403 = &lt;Response [403]&gt;.status_code</failure></testcase><testcase classname="backend.tests.test_email_optimization.TestEmailOptimizationAuth" name="test_ab_test_requires_auth" time="0.043"><failure message="AssertionError: Expected 401, got 403&#10;assert 403 == 401&#10; +  where 403 = &lt;Response [403]&gt;.status_code">backend/tests/test_email_optimization.py:426: in test_ab_test_requires_auth
    assert response.status_code == 401, f"Expected 401, got {response.status_code}"
E   AssertionError: Expected 401, got 403
E   assert 403 == 401
E    +  where 403 = &lt;Response [403]&gt;.status_code</failure></testcase><testcase classname="backend.tests.test_email_optimization.TestEmailOptimizationAuth" name="test_insights_requires_auth" time="0.041"><failure message="AssertionError: Expected 401, got 403&#10;assert 403 == 401&#10; +  where 403 = &lt;Response [403]&gt;.status_code">backend/tests/test_email_optimization.py:432: in test_insights_requires_auth
    assert response.status_code == 401, f"Expected 401, got {response.status_code}"
E   AssertionError: Expected 401, got 403
E   assert 403 == 401
E    +  where 403 = &lt;Response [403]&gt;.status_code</failure></testcase></testsuite></testsuites>