<?xml version="1.0" encoding="utf-8"?><testsuites name="pytest tests"><testsuite name="pytest" errors="0" failures="0" skipped="0" tests="68" time="89.895" timestamp="2026-02-01T13:25:16.928248+00:00" hostname="agent-env-c70ff3d8-df42-4f96-9617-2ec81c854e07"><testcase classname="backend.tests.test_phase3_phase4.TestPhase4KnowledgeBase" name="test_auto_ingest_requires_auth" time="0.087" /><testcase classname="backend.tests.test_phase3_phase4.TestPhase4KnowledgeBase" name="test_auto_ingest_requires_content" time="0.275" /><testcase classname="backend.tests.test_phase3_phase4.TestPhase4KnowledgeBase" name="test_auto_ingest_success" time="2.512" /><testcase classname="backend.tests.test_phase3_phase4.TestPhase4KnowledgeBase" name="test_auto_ingest_with_default_category" time="1.621" /><testcase classname="backend.tests.test_phase3_phase4.TestPhase4KnowledgeBase" name="test_search_requires_auth" time="0.043" /><testcase classname="backend.tests.test_phase3_phase4.TestPhase4KnowledgeBase" name="test_search_returns_results" time="2.796" /><testcase classname="backend.tests.test_phase3_phase4.TestPhase4KnowledgeBase" name="test_search_with_limit" time="0.290" /><testcase classname="backend.tests.test_phase3_phase4.TestPhase4KnowledgeBase" name="test_search_empty_query" time="0.273" /><testcase classname="backend.tests.test_phase3_phase4.TestPhase4KnowledgeBase" name="test_rag_query_requires_auth" time="0.041" /><testcase classname="backend.tests.test_phase3_phase4.TestPhase4KnowledgeBase" name="test_rag_query_requires_query" time="0.270" /><testcase classname="backend.tests.test_phase3_phase4.TestPhase4KnowledgeBase" name="test_rag_query_success" time="2.715" /><testcase classname="backend.tests.test_phase3_phase4.TestPhase4KnowledgeBase" name="test_rag_query_with_categories" time="1.115" /><testcase classname="backend.tests.test_phase3_phase4.TestPhase4KnowledgeBase" name="test_rag_query_no_documents" time="0.270" /><testcase classname="backend.tests.test_phase3_phase4.TestConversationHistory" name="test_list_sessions_requires_auth" time="0.039" /><testcase classname="backend.tests.test_phase3_phase4.TestConversationHistory" name="test_list_sessions_returns_formatted_list" time="1.443" /><testcase classname="backend.tests.test_phase3_phase4.TestConversationHistory" name="test_list_sessions_with_limit" time="0.277" /><testcase classname="backend.tests.test_phase3_phase4.TestConversationHistory" name="test_get_messages_requires_auth" time="0.044" /><testcase classname="backend.tests.test_phase3_phase4.TestConversationHistory" name="test_get_messages_nonexistent_session" time="0.271" /><testcase classname="backend.tests.test_phase3_phase4.TestConversationHistory" name="test_get_messages_success" time="4.227" /><testcase classname="backend.tests.test_phase3_phase4.TestConversationHistory" name="test_delete_session_requires_auth" time="0.062" /><testcase classname="backend.tests.test_phase3_phase4.TestConversationHistory" name="test_delete_session_nonexistent" time="0.356" /><testcase classname="backend.tests.test_phase3_phase4.TestConversationHistory" name="test_delete_session_success" time="2.367" /><testcase classname="backend.tests.test_phase3_phase4.TestConversationHistory" name="test_create_session_requires_auth" time="0.036" /><testcase classname="backend.tests.test_phase3_phase4.TestConversationHistory" name="test_create_session_success" time="0.273" /><testcase classname="backend.tests.test_phase3_phase4.TestConversationHistory" name="test_create_session_returns_unique_ids" time="0.282" /><testcase classname="backend.tests.test_phase3_phase4.TestPhase3PlanExecution" name="test_chat_creates_plan_with_knowledge_context" time="5.291" /><testcase classname="backend.tests.test_phase3_phase4.TestPhase3PlanExecution" name="test_quick_action_with_outreach_agent" time="2.489" /><testcase classname="backend.tests.test_phase3_phase4.TestPhase3PlanExecution" name="test_quick_action_with_knowledge_agent" time="5.091" /><testcase classname="backend.tests.test_phase3_phase4.TestPhase3PlanExecution" name="test_self_improvement_rules_endpoint" time="0.318" /><testcase classname="backend.tests.test_phase3_phase4.TestPhase3PlanExecution" name="test_agent_learnings_stored_after_execution" time="7.633" /><testcase classname="backend.tests.test_phase3_phase4.TestAPIIntegration" name="test_full_conversation_flow" time="2.440" /><testcase classname="backend.tests.test_phase3_phase4.TestAPIIntegration" name="test_knowledge_ingest_search_rag_flow" time="2.808" /><testcase classname="backend.tests.test_ai_orchestration.TestAIOrchestration" name="test_get_agents_no_auth" time="0.063" /><testcase classname="backend.tests.test_ai_orchestration.TestAIOrchestration" name="test_get_agents_returns_correct_structure" time="0.039" /><testcase classname="backend.tests.test_ai_orchestration.TestAIOrchestration" name="test_orchestrator_agent_has_correct_capabilities" time="0.038" /><testcase classname="backend.tests.test_ai_orchestration.TestAIOrchestration" name="test_chat_requires_auth" time="0.040" /><testcase classname="backend.tests.test_ai_orchestration.TestAIOrchestration" name="test_chat_requires_message" time="0.272" /><testcase classname="backend.tests.test_ai_orchestration.TestAIOrchestration" name="test_chat_basic_message" time="1.820" /><testcase classname="backend.tests.test_ai_orchestration.TestAIOrchestration" name="test_chat_returns_plan_for_complex_request" time="1.996" /><testcase classname="backend.tests.test_ai_orchestration.TestAIOrchestration" name="test_chat_with_session_maintains_context" time="6.746" /><testcase classname="backend.tests.test_ai_orchestration.TestAIOrchestration" name="test_pending_plans_requires_auth" time="0.055" /><testcase classname="backend.tests.test_ai_orchestration.TestAIOrchestration" name="test_pending_plans_returns_list" time="0.275" /><testcase classname="backend.tests.test_ai_orchestration.TestAIOrchestration" name="test_active_plans_requires_auth" time="0.038" /><testcase classname="backend.tests.test_ai_orchestration.TestAIOrchestration" name="test_active_plans_returns_list" time="0.272" /><testcase classname="backend.tests.test_ai_orchestration.TestAIOrchestration" name="test_quick_action_requires_auth" time="0.036" /><testcase classname="backend.tests.test_ai_orchestration.TestAIOrchestration" name="test_quick_action_requires_task" time="0.272" /><testcase classname="backend.tests.test_ai_orchestration.TestAIOrchestration" name="test_quick_action_with_research_agent" time="10.249" /><testcase classname="backend.tests.test_ai_orchestration.TestAIOrchestration" name="test_quick_action_with_qualification_agent" time="4.903" /><testcase classname="backend.tests.test_ai_orchestration.TestAIOrchestration" name="test_quick_action_with_invalid_agent_falls_back" time="0.269" /><testcase classname="backend.tests.test_ai_orchestration.TestAIOrchestration" name="test_suggest_requires_auth" time="0.066" /><testcase classname="backend.tests.test_ai_orchestration.TestAIOrchestration" name="test_suggest_returns_suggestions" time="2.555" /><testcase classname="backend.tests.test_ai_orchestration.TestAIOrchestration" name="test_suggest_with_prospect_context" time="3.822" /><testcase classname="backend.tests.test_ai_orchestration.TestAIOrchestration" name="test_suggest_with_workflow_context" time="4.639" /><testcase classname="backend.tests.test_ai_orchestration.TestAIOrchestration" name="test_approve_nonexistent_plan" time="0.280" /><testcase classname="backend.tests.test_ai_orchestration.TestAIOrchestration" name="test_reject_nonexistent_plan" time="0.315" /><testcase classname="backend.tests.test_ai_orchestration.TestAIOrchestration" name="test_get_session_requires_auth" time="0.056" /><testcase classname="backend.tests.test_ai_orchestration.TestAIOrchestration" name="test_get_nonexistent_session" time="0.273" /><testcase classname="backend.tests.test_ai_orchestration.TestAIOrchestration" name="test_get_session_after_chat" time="0.982" /><testcase classname="backend.tests.test_ai_orchestration.TestAIOrchestration" name="test_get_sessions_requires_auth" time="0.044" /><testcase classname="backend.tests.test_ai_orchestration.TestAIOrchestration" name="test_get_sessions_returns_list" time="0.317" /><testcase classname="backend.tests.test_ai_orchestration.TestAIOrchestration" name="test_recent_activity_requires_auth" time="0.041" /><testcase classname="backend.tests.test_ai_orchestration.TestAIOrchestration" name="test_recent_activity_returns_list" time="0.269" /><testcase classname="backend.tests.test_ai_orchestration.TestAIOrchestration" name="test_pause_nonexistent_plan" time="0.272" /><testcase classname="backend.tests.test_ai_orchestration.TestAIOrchestration" name="test_resume_nonexistent_plan" time="0.276" /><testcase classname="backend.tests.test_ai_orchestration.TestUnifiedAgentFramework" name="test_all_8_agents_present" time="0.040" /><testcase classname="backend.tests.test_ai_orchestration.TestUnifiedAgentFramework" name="test_agents_have_capabilities" time="0.041" /><testcase classname="backend.tests.test_ai_orchestration.TestUnifiedAgentFramework" name="test_outreach_agent_requires_approval" time="0.037" /><testcase classname="backend.tests.test_ai_orchestration.TestUnifiedAgentFramework" name="test_workflow_agent_requires_approval" time="0.042" /></testsuite></testsuites>