<?xml version="1.0" encoding="utf-8"?><testsuites name="pytest tests"><testsuite name="pytest" errors="0" failures="0" skipped="0" tests="20" time="38.873" timestamp="2026-02-01T16:16:44.923509+00:00" hostname="agent-env-49d943d4-2ba1-4774-accd-4153e200584c"><testcase classname="tests.test_new_ai_features.TestAICreateWorkflow" name="test_create_workflow_no_auth" time="0.069" /><testcase classname="tests.test_new_ai_features.TestAICreateWorkflow" name="test_create_workflow_no_description" time="0.334" /><testcase classname="tests.test_new_ai_features.TestAICreateWorkflow" name="test_create_workflow_success" time="10.936" /><testcase classname="tests.test_new_ai_features.TestAICreateWorkflow" name="test_create_workflow_with_complex_description" time="9.569" /><testcase classname="tests.test_new_ai_features.TestUnifiedApprovals" name="test_unified_approvals_no_auth" time="0.067" /><testcase classname="tests.test_new_ai_features.TestUnifiedApprovals" name="test_unified_approvals_success" time="0.301" /><testcase classname="tests.test_new_ai_features.TestApproveUnifiedItem" name="test_approve_item_no_auth" time="0.042" /><testcase classname="tests.test_new_ai_features.TestApproveUnifiedItem" name="test_approve_nonexistent_plan" time="0.310" /><testcase classname="tests.test_new_ai_features.TestApproveUnifiedItem" name="test_approve_item_invalid_type" time="0.037" /><testcase classname="tests.test_new_ai_features.TestDocumentUpload" name="test_upload_no_auth" time="0.039" /><testcase classname="tests.test_new_ai_features.TestDocumentUpload" name="test_upload_no_content" time="0.328" /><testcase classname="tests.test_new_ai_features.TestDocumentUpload" name="test_upload_text_document" time="2.263" /><testcase classname="tests.test_new_ai_features.TestDocumentUpload" name="test_upload_json_document" time="1.684" /><testcase classname="tests.test_new_ai_features.TestVoiceTranscribe" name="test_transcribe_no_auth" time="0.075" /><testcase classname="tests.test_new_ai_features.TestVoiceTranscribe" name="test_transcribe_no_audio" time="0.305" /><testcase classname="tests.test_new_ai_features.TestVoiceTranscribe" name="test_transcribe_invalid_audio_returns_error" time="0.041" /><testcase classname="tests.test_new_ai_features.TestAIStats" name="test_stats_no_auth" time="0.037" /><testcase classname="tests.test_new_ai_features.TestAIStats" name="test_stats_success" time="0.302" /><testcase classname="tests.test_new_ai_features.TestWorkflowNodesAndEdges" name="test_workflow_has_proper_structure" time="5.843" /><testcase classname="tests.test_new_ai_features.TestIntegrationFlow" name="test_full_flow" time="6.195" /></testsuite></testsuites>