<?xml version="1.0" encoding="utf-8"?><testsuites name="pytest tests"><testsuite name="pytest" errors="0" failures="0" skipped="0" tests="19" time="30.099" timestamp="2026-01-28T18:54:39.914845+00:00" hostname="agent-env-3328d993-5a38-41b4-9092-fc0a8c04c5c1"><testcase classname="backend.tests.test_salesflow_api.TestHealthEndpoint" name="test_health_check" time="0.220" /><testcase classname="backend.tests.test_salesflow_api.TestAuthEndpoints" name="test_register_new_user" time="0.268" /><testcase classname="backend.tests.test_salesflow_api.TestAuthEndpoints" name="test_register_duplicate_email" time="0.043" /><testcase classname="backend.tests.test_salesflow_api.TestAuthEndpoints" name="test_login_success" time="0.266" /><testcase classname="backend.tests.test_salesflow_api.TestAuthEndpoints" name="test_login_invalid_credentials" time="0.041" /><testcase classname="backend.tests.test_salesflow_api.TestAuthEndpoints" name="test_get_current_user" time="0.308" /><testcase classname="backend.tests.test_salesflow_api.TestAuthEndpoints" name="test_unauthorized_access" time="0.036" /><testcase classname="backend.tests.test_salesflow_api.TestProspectsEndpoints" name="test_get_prospects_list" time="0.335" /><testcase classname="backend.tests.test_salesflow_api.TestProspectsEndpoints" name="test_create_prospect" time="0.302" /><testcase classname="backend.tests.test_salesflow_api.TestProspectsEndpoints" name="test_create_and_get_prospect" time="0.340" /><testcase classname="backend.tests.test_salesflow_api.TestProspectsEndpoints" name="test_update_prospect" time="0.409" /><testcase classname="backend.tests.test_salesflow_api.TestProspectsEndpoints" name="test_delete_prospect" time="0.385" /><testcase classname="backend.tests.test_salesflow_api.TestGoogleIntegration" name="test_google_status" time="0.305" /><testcase classname="backend.tests.test_salesflow_api.TestGoogleIntegration" name="test_google_oauth_init" time="0.298" /><testcase classname="backend.tests.test_salesflow_api.TestUniversalChat" name="test_chat_message" time="4.405" /><testcase classname="backend.tests.test_salesflow_api.TestUniversalChat" name="test_chat_prospect_search_intent" time="21.136" /><testcase classname="backend.tests.test_salesflow_api.TestUniversalChat" name="test_chat_sessions" time="0.327" /><testcase classname="backend.tests.test_salesflow_api.TestMicroAgents" name="test_get_micro_agent_types" time="0.307" /><testcase classname="backend.tests.test_salesflow_api.TestIntegrations" name="test_get_integrations" time="0.307" /></testsuite></testsuites>