<?xml version="1.0" encoding="utf-8"?><testsuites name="pytest tests"><testsuite name="pytest" errors="14" failures="0" skipped="0" tests="20" time="2.718" timestamp="2026-02-01T13:52:51.381210+00:00" hostname="agent-env-c70ff3d8-df42-4f96-9617-2ec81c854e07"><testcase classname="backend.tests.test_new_ai_features.TestAICreateWorkflow" name="test_create_workflow_no_auth" time="0.107" /><testcase classname="backend.tests.test_new_ai_features.TestAICreateWorkflow" name="test_create_workflow_no_description" time="0.291"><error message="failed on setup with &quot;AssertionError: assert 'token' in {'access_token': 'eyJhbGciOiJIUzI1NiIsInR5cCI6IkpXVCJ9.eyJzdWIiOiI0Zjc1YTVjZi1mZGZhLTRjNmYtOGE3MS1iMjg4YzgxMTY1MjAiLCJleHAiOjE3NzA1NTg3NzF9.DLkdTWbmvK-HnHGFCufpkY3ysIGVH60ljPPQKnxkpS4', 'token_type': 'bearer', 'user': {'companyName': 'TestCo', 'createdAt': '2026-01-28T18:48:47.989475Z', 'email': 'test@salesflow.com', 'firstName': 'Test', ...}}&quot;">backend/tests/test_new_ai_features.py:37: in auth_token
    assert "token" in data
E   AssertionError: assert 'token' in {'access_token': 'eyJhbGciOiJIUzI1NiIsInR5cCI6IkpXVCJ9.eyJzdWIiOiI0Zjc1YTVjZi1mZGZhLTRjNmYtOGE3MS1iMjg4YzgxMTY1MjAiLCJleHAiOjE3NzA1NTg3NzF9.DLkdTWbmvK-HnHGFCufpkY3ysIGVH60ljPPQKnxkpS4', 'token_type': 'bearer', 'user': {'companyName': 'TestCo', 'createdAt': '2026-01-28T18:48:47.989475Z', 'email': 'test@salesflow.com', 'firstName': 'Test', ...}}</error></testcase><testcase classname="backend.tests.test_new_ai_features.TestAICreateWorkflow" name="test_create_workflow_success" time="0.000"><error message="failed on setup with &quot;AssertionError: assert 'token' in {'access_token': 'eyJhbGciOiJIUzI1NiIsInR5cCI6IkpXVCJ9.eyJzdWIiOiI0Zjc1YTVjZi1mZGZhLTRjNmYtOGE3MS1iMjg4YzgxMTY1MjAiLCJleHAiOjE3NzA1NTg3NzF9.DLkdTWbmvK-HnHGFCufpkY3ysIGVH60ljPPQKnxkpS4', 'token_type': 'bearer', 'user': {'companyName': 'TestCo', 'createdAt': '2026-01-28T18:48:47.989475Z', 'email': 'test@salesflow.com', 'firstName': 'Test', ...}}&quot;">backend/tests/test_new_ai_features.py:37: in auth_token
    assert "token" in data
E   AssertionError: assert 'token' in {'access_token': 'eyJhbGciOiJIUzI1NiIsInR5cCI6IkpXVCJ9.eyJzdWIiOiI0Zjc1YTVjZi1mZGZhLTRjNmYtOGE3MS1iMjg4YzgxMTY1MjAiLCJleHAiOjE3NzA1NTg3NzF9.DLkdTWbmvK-HnHGFCufpkY3ysIGVH60ljPPQKnxkpS4', 'token_type': 'bearer', 'user': {'companyName': 'TestCo', 'createdAt': '2026-01-28T18:48:47.989475Z', 'email': 'test@salesflow.com', 'firstName': 'Test', ...}}</error></testcase><testcase classname="backend.tests.test_new_ai_features.TestAICreateWorkflow" name="test_create_workflow_with_complex_description" time="0.000"><error message="failed on setup with &quot;AssertionError: assert 'token' in {'access_token': 'eyJhbGciOiJIUzI1NiIsInR5cCI6IkpXVCJ9.eyJzdWIiOiI0Zjc1YTVjZi1mZGZhLTRjNmYtOGE3MS1iMjg4YzgxMTY1MjAiLCJleHAiOjE3NzA1NTg3NzF9.DLkdTWbmvK-HnHGFCufpkY3ysIGVH60ljPPQKnxkpS4', 'token_type': 'bearer', 'user': {'companyName': 'TestCo', 'createdAt': '2026-01-28T18:48:47.989475Z', 'email': 'test@salesflow.com', 'firstName': 'Test', ...}}&quot;">backend/tests/test_new_ai_features.py:37: in auth_token
    assert "token" in data
E   AssertionError: assert 'token' in {'access_token': 'eyJhbGciOiJIUzI1NiIsInR5cCI6IkpXVCJ9.eyJzdWIiOiI0Zjc1YTVjZi1mZGZhLTRjNmYtOGE3MS1iMjg4YzgxMTY1MjAiLCJleHAiOjE3NzA1NTg3NzF9.DLkdTWbmvK-HnHGFCufpkY3ysIGVH60ljPPQKnxkpS4', 'token_type': 'bearer', 'user': {'companyName': 'TestCo', 'createdAt': '2026-01-28T18:48:47.989475Z', 'email': 'test@salesflow.com', 'firstName': 'Test', ...}}</error></testcase><testcase classname="backend.tests.test_new_ai_features.TestUnifiedApprovals" name="test_unified_approvals_no_auth" time="0.044" /><testcase classname="backend.tests.test_new_ai_features.TestUnifiedApprovals" name="test_unified_approvals_success" time="0.267"><error message="failed on setup with &quot;AssertionError: assert 'token' in {'access_token': 'eyJhbGciOiJIUzI1NiIsInR5cCI6IkpXVCJ9.eyJzdWIiOiI0Zjc1YTVjZi1mZGZhLTRjNmYtOGE3MS1iMjg4YzgxMTY1MjAiLCJleHAiOjE3NzA1NTg3NzJ9.lgoAXsiLQ5zWzG0bUwNUX1uqhuZI7NppMNznLTx5qzE', 'token_type': 'bearer', 'user': {'companyName': 'TestCo', 'createdAt': '2026-01-28T18:48:47.989475Z', 'email': 'test@salesflow.com', 'firstName': 'Test', ...}}&quot;">backend/tests/test_new_ai_features.py:37: in auth_token
    assert "token" in data
E   AssertionError: assert 'token' in {'access_token': 'eyJhbGciOiJIUzI1NiIsInR5cCI6IkpXVCJ9.eyJzdWIiOiI0Zjc1YTVjZi1mZGZhLTRjNmYtOGE3MS1iMjg4YzgxMTY1MjAiLCJleHAiOjE3NzA1NTg3NzJ9.lgoAXsiLQ5zWzG0bUwNUX1uqhuZI7NppMNznLTx5qzE', 'token_type': 'bearer', 'user': {'companyName': 'TestCo', 'createdAt': '2026-01-28T18:48:47.989475Z', 'email': 'test@salesflow.com', 'firstName': 'Test', ...}}</error></testcase><testcase classname="backend.tests.test_new_ai_features.TestApproveUnifiedItem" name="test_approve_item_no_auth" time="0.044" /><testcase classname="backend.tests.test_new_ai_features.TestApproveUnifiedItem" name="test_approve_nonexistent_plan" time="0.263"><error message="failed on setup with &quot;AssertionError: assert 'token' in {'access_token': 'eyJhbGciOiJIUzI1NiIsInR5cCI6IkpXVCJ9.eyJzdWIiOiI0Zjc1YTVjZi1mZGZhLTRjNmYtOGE3MS1iMjg4YzgxMTY1MjAiLCJleHAiOjE3NzA1NTg3NzJ9.lgoAXsiLQ5zWzG0bUwNUX1uqhuZI7NppMNznLTx5qzE', 'token_type': 'bearer', 'user': {'companyName': 'TestCo', 'createdAt': '2026-01-28T18:48:47.989475Z', 'email': 'test@salesflow.com', 'firstName': 'Test', ...}}&quot;">backend/tests/test_new_ai_features.py:37: in auth_token
    assert "token" in data
E   AssertionError: assert 'token' in {'access_token': 'eyJhbGciOiJIUzI1NiIsInR5cCI6IkpXVCJ9.eyJzdWIiOiI0Zjc1YTVjZi1mZGZhLTRjNmYtOGE3MS1iMjg4YzgxMTY1MjAiLCJleHAiOjE3NzA1NTg3NzJ9.lgoAXsiLQ5zWzG0bUwNUX1uqhuZI7NppMNznLTx5qzE', 'token_type': 'bearer', 'user': {'companyName': 'TestCo', 'createdAt': '2026-01-28T18:48:47.989475Z', 'email': 'test@salesflow.com', 'firstName': 'Test', ...}}</error></testcase><testcase classname="backend.tests.test_new_ai_features.TestApproveUnifiedItem" name="test_approve_item_invalid_type" time="0.000"><error message="failed on setup with &quot;AssertionError: assert 'token' in {'access_token': 'eyJhbGciOiJIUzI1NiIsInR5cCI6IkpXVCJ9.eyJzdWIiOiI0Zjc1YTVjZi1mZGZhLTRjNmYtOGE3MS1iMjg4YzgxMTY1MjAiLCJleHAiOjE3NzA1NTg3NzJ9.lgoAXsiLQ5zWzG0bUwNUX1uqhuZI7NppMNznLTx5qzE', 'token_type': 'bearer', 'user': {'companyName': 'TestCo', 'createdAt': '2026-01-28T18:48:47.989475Z', 'email': 'test@salesflow.com', 'firstName': 'Test', ...}}&quot;">backend/tests/test_new_ai_features.py:37: in auth_token
    assert "token" in data
E   AssertionError: assert 'token' in {'access_token': 'eyJhbGciOiJIUzI1NiIsInR5cCI6IkpXVCJ9.eyJzdWIiOiI0Zjc1YTVjZi1mZGZhLTRjNmYtOGE3MS1iMjg4YzgxMTY1MjAiLCJleHAiOjE3NzA1NTg3NzJ9.lgoAXsiLQ5zWzG0bUwNUX1uqhuZI7NppMNznLTx5qzE', 'token_type': 'bearer', 'user': {'companyName': 'TestCo', 'createdAt': '2026-01-28T18:48:47.989475Z', 'email': 'test@salesflow.com', 'firstName': 'Test', ...}}</error></testcase><testcase classname="backend.tests.test_new_ai_features.TestDocumentUpload" name="test_upload_no_auth" time="0.036" /><testcase classname="backend.tests.test_new_ai_features.TestDocumentUpload" name="test_upload_no_content" time="0.302"><error message="failed on setup with &quot;AssertionError: assert 'token' in {'access_token': 'eyJhbGciOiJIUzI1NiIsInR5cCI6IkpXVCJ9.eyJzdWIiOiI0Zjc1YTVjZi1mZGZhLTRjNmYtOGE3MS1iMjg4YzgxMTY1MjAiLCJleHAiOjE3NzA1NTg3NzJ9.lgoAXsiLQ5zWzG0bUwNUX1uqhuZI7NppMNznLTx5qzE', 'token_type': 'bearer', 'user': {'companyName': 'TestCo', 'createdAt': '2026-01-28T18:48:47.989475Z', 'email': 'test@salesflow.com', 'firstName': 'Test', ...}}&quot;">backend/tests/test_new_ai_features.py:37: in auth_token
    assert "token" in data
E   AssertionError: assert 'token' in {'access_token': 'eyJhbGciOiJIUzI1NiIsInR5cCI6IkpXVCJ9.eyJzdWIiOiI0Zjc1YTVjZi1mZGZhLTRjNmYtOGE3MS1iMjg4YzgxMTY1MjAiLCJleHAiOjE3NzA1NTg3NzJ9.lgoAXsiLQ5zWzG0bUwNUX1uqhuZI7NppMNznLTx5qzE', 'token_type': 'bearer', 'user': {'companyName': 'TestCo', 'createdAt': '2026-01-28T18:48:47.989475Z', 'email': 'test@salesflow.com', 'firstName': 'Test', ...}}</error></testcase><testcase classname="backend.tests.test_new_ai_features.TestDocumentUpload" name="test_upload_text_document" time="0.000"><error message="failed on setup with &quot;AssertionError: assert 'token' in {'access_token': 'eyJhbGciOiJIUzI1NiIsInR5cCI6IkpXVCJ9.eyJzdWIiOiI0Zjc1YTVjZi1mZGZhLTRjNmYtOGE3MS1iMjg4YzgxMTY1MjAiLCJleHAiOjE3NzA1NTg3NzJ9.lgoAXsiLQ5zWzG0bUwNUX1uqhuZI7NppMNznLTx5qzE', 'token_type': 'bearer', 'user': {'companyName': 'TestCo', 'createdAt': '2026-01-28T18:48:47.989475Z', 'email': 'test@salesflow.com', 'firstName': 'Test', ...}}&quot;">backend/tests/test_new_ai_features.py:37: in auth_token
    assert "token" in data
E   AssertionError: assert 'token' in {'access_token': 'eyJhbGciOiJIUzI1NiIsInR5cCI6IkpXVCJ9.eyJzdWIiOiI0Zjc1YTVjZi1mZGZhLTRjNmYtOGE3MS1iMjg4YzgxMTY1MjAiLCJleHAiOjE3NzA1NTg3NzJ9.lgoAXsiLQ5zWzG0bUwNUX1uqhuZI7NppMNznLTx5qzE', 'token_type': 'bearer', 'user': {'companyName': 'TestCo', 'createdAt': '2026-01-28T18:48:47.989475Z', 'email': 'test@salesflow.com', 'firstName': 'Test', ...}}</error></testcase><testcase classname="backend.tests.test_new_ai_features.TestDocumentUpload" name="test_upload_json_document" time="0.000"><error message="failed on setup with &quot;AssertionError: assert 'token' in {'access_token': 'eyJhbGciOiJIUzI1NiIsInR5cCI6IkpXVCJ9.eyJzdWIiOiI0Zjc1YTVjZi1mZGZhLTRjNmYtOGE3MS1iMjg4YzgxMTY1MjAiLCJleHAiOjE3NzA1NTg3NzJ9.lgoAXsiLQ5zWzG0bUwNUX1uqhuZI7NppMNznLTx5qzE', 'token_type': 'bearer', 'user': {'companyName': 'TestCo', 'createdAt': '2026-01-28T18:48:47.989475Z', 'email': 'test@salesflow.com', 'firstName': 'Test', ...}}&quot;">backend/tests/test_new_ai_features.py:37: in auth_token
    assert "token" in data
E   AssertionError: assert 'token' in {'access_token': 'eyJhbGciOiJIUzI1NiIsInR5cCI6IkpXVCJ9.eyJzdWIiOiI0Zjc1YTVjZi1mZGZhLTRjNmYtOGE3MS1iMjg4YzgxMTY1MjAiLCJleHAiOjE3NzA1NTg3NzJ9.lgoAXsiLQ5zWzG0bUwNUX1uqhuZI7NppMNznLTx5qzE', 'token_type': 'bearer', 'user': {'companyName': 'TestCo', 'createdAt': '2026-01-28T18:48:47.989475Z', 'email': 'test@salesflow.com', 'firstName': 'Test', ...}}</error></testcase><testcase classname="backend.tests.test_new_ai_features.TestVoiceTranscribe" name="test_transcribe_no_auth" time="0.086" /><testcase classname="backend.tests.test_new_ai_features.TestVoiceTranscribe" name="test_transcribe_no_audio" time="0.264"><error message="failed on setup with &quot;AssertionError: assert 'token' in {'access_token': 'eyJhbGciOiJIUzI1NiIsInR5cCI6IkpXVCJ9.eyJzdWIiOiI0Zjc1YTVjZi1mZGZhLTRjNmYtOGE3MS1iMjg4YzgxMTY1MjAiLCJleHAiOjE3NzA1NTg3NzN9.AVQ_0npzkR24GeHjbEcNq2g5L2uxDG4OGZjG4qhAkdU', 'token_type': 'bearer', 'user': {'companyName': 'TestCo', 'createdAt': '2026-01-28T18:48:47.989475Z', 'email': 'test@salesflow.com', 'firstName': 'Test', ...}}&quot;">backend/tests/test_new_ai_features.py:37: in auth_token
    assert "token" in data
E   AssertionError: assert 'token' in {'access_token': 'eyJhbGciOiJIUzI1NiIsInR5cCI6IkpXVCJ9.eyJzdWIiOiI0Zjc1YTVjZi1mZGZhLTRjNmYtOGE3MS1iMjg4YzgxMTY1MjAiLCJleHAiOjE3NzA1NTg3NzN9.AVQ_0npzkR24GeHjbEcNq2g5L2uxDG4OGZjG4qhAkdU', 'token_type': 'bearer', 'user': {'companyName': 'TestCo', 'createdAt': '2026-01-28T18:48:47.989475Z', 'email': 'test@salesflow.com', 'firstName': 'Test', ...}}</error></testcase><testcase classname="backend.tests.test_new_ai_features.TestVoiceTranscribe" name="test_transcribe_placeholder_response" time="0.000"><error message="failed on setup with &quot;AssertionError: assert 'token' in {'access_token': 'eyJhbGciOiJIUzI1NiIsInR5cCI6IkpXVCJ9.eyJzdWIiOiI0Zjc1YTVjZi1mZGZhLTRjNmYtOGE3MS1iMjg4YzgxMTY1MjAiLCJleHAiOjE3NzA1NTg3NzN9.AVQ_0npzkR24GeHjbEcNq2g5L2uxDG4OGZjG4qhAkdU', 'token_type': 'bearer', 'user': {'companyName': 'TestCo', 'createdAt': '2026-01-28T18:48:47.989475Z', 'email': 'test@salesflow.com', 'firstName': 'Test', ...}}&quot;">backend/tests/test_new_ai_features.py:37: in auth_token
    assert "token" in data
E   AssertionError: assert 'token' in {'access_token': 'eyJhbGciOiJIUzI1NiIsInR5cCI6IkpXVCJ9.eyJzdWIiOiI0Zjc1YTVjZi1mZGZhLTRjNmYtOGE3MS1iMjg4YzgxMTY1MjAiLCJleHAiOjE3NzA1NTg3NzN9.AVQ_0npzkR24GeHjbEcNq2g5L2uxDG4OGZjG4qhAkdU', 'token_type': 'bearer', 'user': {'companyName': 'TestCo', 'createdAt': '2026-01-28T18:48:47.989475Z', 'email': 'test@salesflow.com', 'firstName': 'Test', ...}}</error></testcase><testcase classname="backend.tests.test_new_ai_features.TestAIStats" name="test_stats_no_auth" time="0.037" /><testcase classname="backend.tests.test_new_ai_features.TestAIStats" name="test_stats_success" time="0.264"><error message="failed on setup with &quot;AssertionError: assert 'token' in {'access_token': 'eyJhbGciOiJIUzI1NiIsInR5cCI6IkpXVCJ9.eyJzdWIiOiI0Zjc1YTVjZi1mZGZhLTRjNmYtOGE3MS1iMjg4YzgxMTY1MjAiLCJleHAiOjE3NzA1NTg3NzN9.AVQ_0npzkR24GeHjbEcNq2g5L2uxDG4OGZjG4qhAkdU', 'token_type': 'bearer', 'user': {'companyName': 'TestCo', 'createdAt': '2026-01-28T18:48:47.989475Z', 'email': 'test@salesflow.com', 'firstName': 'Test', ...}}&quot;">backend/tests/test_new_ai_features.py:37: in auth_token
    assert "token" in data
E   AssertionError: assert 'token' in {'access_token': 'eyJhbGciOiJIUzI1NiIsInR5cCI6IkpXVCJ9.eyJzdWIiOiI0Zjc1YTVjZi1mZGZhLTRjNmYtOGE3MS1iMjg4YzgxMTY1MjAiLCJleHAiOjE3NzA1NTg3NzN9.AVQ_0npzkR24GeHjbEcNq2g5L2uxDG4OGZjG4qhAkdU', 'token_type': 'bearer', 'user': {'companyName': 'TestCo', 'createdAt': '2026-01-28T18:48:47.989475Z', 'email': 'test@salesflow.com', 'firstName': 'Test', ...}}</error></testcase><testcase classname="backend.tests.test_new_ai_features.TestWorkflowNodesAndEdges" name="test_workflow_has_proper_structure" time="0.265"><error message="failed on setup with &quot;AssertionError: assert 'token' in {'access_token': 'eyJhbGciOiJIUzI1NiIsInR5cCI6IkpXVCJ9.eyJzdWIiOiI0Zjc1YTVjZi1mZGZhLTRjNmYtOGE3MS1iMjg4YzgxMTY1MjAiLCJleHAiOjE3NzA1NTg3NzN9.AVQ_0npzkR24GeHjbEcNq2g5L2uxDG4OGZjG4qhAkdU', 'token_type': 'bearer', 'user': {'companyName': 'TestCo', 'createdAt': '2026-01-28T18:48:47.989475Z', 'email': 'test@salesflow.com', 'firstName': 'Test', ...}}&quot;">backend/tests/test_new_ai_features.py:37: in auth_token
    assert "token" in data
E   AssertionError: assert 'token' in {'access_token': 'eyJhbGciOiJIUzI1NiIsInR5cCI6IkpXVCJ9.eyJzdWIiOiI0Zjc1YTVjZi1mZGZhLTRjNmYtOGE3MS1iMjg4YzgxMTY1MjAiLCJleHAiOjE3NzA1NTg3NzN9.AVQ_0npzkR24GeHjbEcNq2g5L2uxDG4OGZjG4qhAkdU', 'token_type': 'bearer', 'user': {'companyName': 'TestCo', 'createdAt': '2026-01-28T18:48:47.989475Z', 'email': 'test@salesflow.com', 'firstName': 'Test', ...}}</error></testcase><testcase classname="backend.tests.test_new_ai_features.TestIntegrationFlow" name="test_full_flow" time="0.270"><error message="failed on setup with &quot;AssertionError: assert 'token' in {'access_token': 'eyJhbGciOiJIUzI1NiIsInR5cCI6IkpXVCJ9.eyJzdWIiOiI0Zjc1YTVjZi1mZGZhLTRjNmYtOGE3MS1iMjg4YzgxMTY1MjAiLCJleHAiOjE3NzA1NTg3NzR9.r8gHknPhcjtWYJmeJO6pg2XyeJxDLeUcvDBhiJBCDLc', 'token_type': 'bearer', 'user': {'companyName': 'TestCo', 'createdAt': '2026-01-28T18:48:47.989475Z', 'email': 'test@salesflow.com', 'firstName': 'Test', ...}}&quot;">backend/tests/test_new_ai_features.py:37: in auth_token
    assert "token" in data
E   AssertionError: assert 'token' in {'access_token': 'eyJhbGciOiJIUzI1NiIsInR5cCI6IkpXVCJ9.eyJzdWIiOiI0Zjc1YTVjZi1mZGZhLTRjNmYtOGE3MS1iMjg4YzgxMTY1MjAiLCJleHAiOjE3NzA1NTg3NzR9.r8gHknPhcjtWYJmeJO6pg2XyeJxDLeUcvDBhiJBCDLc', 'token_type': 'bearer', 'user': {'companyName': 'TestCo', 'createdAt': '2026-01-28T18:48:47.989475Z', 'email': 'test@salesflow.com', 'firstName': 'Test', ...}}</error></testcase></testsuite></testsuites>