<?xml version="1.0" encoding="utf-8"?><testsuites name="pytest tests"><testsuite name="pytest" errors="0" failures="3" skipped="0" tests="22" time="69.781" timestamp="2026-02-01T18:30:23.606658+00:00" hostname="agent-env-49d943d4-2ba1-4774-accd-4153e200584c"><testcase classname="backend.tests.test_autonomous_jobs.TestAutonomousJobsAPI" name="test_create_job_research" time="0.385" /><testcase classname="backend.tests.test_autonomous_jobs.TestAutonomousJobsAPI" name="test_create_job_outreach" time="7.405" /><testcase classname="backend.tests.test_autonomous_jobs.TestAutonomousJobsAPI" name="test_create_job_follow_up" time="4.723" /><testcase classname="backend.tests.test_autonomous_jobs.TestAutonomousJobsAPI" name="test_create_job_data_enrichment" time="0.315" /><testcase classname="backend.tests.test_autonomous_jobs.TestAutonomousJobsAPI" name="test_create_job_custom" time="29.380" /><testcase classname="backend.tests.test_autonomous_jobs.TestAutonomousJobsAPI" name="test_list_jobs" time="0.302"><failure message="AssertionError: List jobs failed: Internal Server Error&#10;assert 520 == 200&#10; +  where 520 = &lt;Response [520]&gt;.status_code">backend/tests/test_autonomous_jobs.py:152: in test_list_jobs
    assert response.status_code == 200, f"List jobs failed: {response.text}"
E   AssertionError: List jobs failed: Internal Server Error
E   assert 520 == 200
E    +  where 520 = &lt;Response [520]&gt;.status_code</failure></testcase><testcase classname="backend.tests.test_autonomous_jobs.TestAutonomousJobsAPI" name="test_list_jobs_by_status" time="0.337"><failure message="assert 520 == 200&#10; +  where 520 = &lt;Response [520]&gt;.status_code">backend/tests/test_autonomous_jobs.py:181: in test_list_jobs_by_status
    assert response.status_code == 200
E   assert 520 == 200
E    +  where 520 = &lt;Response [520]&gt;.status_code</failure></testcase><testcase classname="backend.tests.test_autonomous_jobs.TestAutonomousJobsAPI" name="test_list_jobs_by_type" time="0.300" /><testcase classname="backend.tests.test_autonomous_jobs.TestAutonomousJobsAPI" name="test_list_jobs_with_limit" time="0.304"><failure message="assert 520 == 200&#10; +  where 520 = &lt;Response [520]&gt;.status_code">backend/tests/test_autonomous_jobs.py:204: in test_list_jobs_with_limit
    assert response.status_code == 200
E   assert 520 == 200
E    +  where 520 = &lt;Response [520]&gt;.status_code</failure></testcase><testcase classname="backend.tests.test_autonomous_jobs.TestAutonomousJobsAPI" name="test_job_lifecycle_start_pause_cancel" time="5.239" /><testcase classname="backend.tests.test_autonomous_jobs.TestAutonomousJobsAPI" name="test_cancel_job" time="6.617" /><testcase classname="backend.tests.test_autonomous_jobs.TestAutonomousJobsAPI" name="test_get_running_jobs_count" time="0.312" /><testcase classname="backend.tests.test_autonomous_jobs.TestAutonomousJobsAPI" name="test_get_autonomy_preferences" time="0.294" /><testcase classname="backend.tests.test_autonomous_jobs.TestAutonomousJobsAPI" name="test_update_autonomy_preferences" time="0.340" /><testcase classname="backend.tests.test_autonomous_jobs.TestAutonomousJobsAPI" name="test_ask_autonomy_preference" time="0.296" /><testcase classname="backend.tests.test_autonomous_jobs.TestAutonomousJobsAPI" name="test_get_job_analytics" time="0.299" /><testcase classname="backend.tests.test_autonomous_jobs.TestAutonomousJobsAPI" name="test_quick_start_research" time="0.298" /><testcase classname="backend.tests.test_autonomous_jobs.TestAutonomousJobsAPI" name="test_quick_start_outreach" time="8.705" /><testcase classname="backend.tests.test_autonomous_jobs.TestAutonomousJobsAPI" name="test_quick_start_follow_up" time="2.898" /><testcase classname="backend.tests.test_autonomous_jobs.TestAutonomousJobsAPI" name="test_get_nonexistent_job" time="0.302" /><testcase classname="backend.tests.test_autonomous_jobs.TestAutonomousJobsAPI" name="test_start_nonexistent_job" time="0.311" /><testcase classname="backend.tests.test_autonomous_jobs.TestAutonomousJobsAPI" name="test_unauthorized_access" time="0.299" /></testsuite></testsuites>