<?xml version="1.0" encoding="utf-8"?><testsuites name="pytest tests"><testsuite name="pytest" errors="0" failures="0" skipped="0" tests="22" time="61.546" timestamp="2026-02-01T18:33:26.436882+00:00" hostname="agent-env-49d943d4-2ba1-4774-accd-4153e200584c"><testcase classname="backend.tests.test_autonomous_jobs.TestAutonomousJobsAPI" name="test_create_job_research" time="0.328" /><testcase classname="backend.tests.test_autonomous_jobs.TestAutonomousJobsAPI" name="test_create_job_outreach" time="9.253" /><testcase classname="backend.tests.test_autonomous_jobs.TestAutonomousJobsAPI" name="test_create_job_follow_up" time="2.367" /><testcase classname="backend.tests.test_autonomous_jobs.TestAutonomousJobsAPI" name="test_create_job_data_enrichment" time="0.342" /><testcase classname="backend.tests.test_autonomous_jobs.TestAutonomousJobsAPI" name="test_create_job_custom" time="31.365" /><testcase classname="backend.tests.test_autonomous_jobs.TestAutonomousJobsAPI" name="test_list_jobs" time="0.299" /><testcase classname="backend.tests.test_autonomous_jobs.TestAutonomousJobsAPI" name="test_list_jobs_by_status" time="0.334" /><testcase classname="backend.tests.test_autonomous_jobs.TestAutonomousJobsAPI" name="test_list_jobs_by_type" time="0.299" /><testcase classname="backend.tests.test_autonomous_jobs.TestAutonomousJobsAPI" name="test_list_jobs_with_limit" time="0.334" /><testcase classname="backend.tests.test_autonomous_jobs.TestAutonomousJobsAPI" name="test_job_lifecycle_start_pause_cancel" time="3.783" /><testcase classname="backend.tests.test_autonomous_jobs.TestAutonomousJobsAPI" name="test_cancel_job" time="2.638" /><testcase classname="backend.tests.test_autonomous_jobs.TestAutonomousJobsAPI" name="test_get_running_jobs_count" time="0.298" /><testcase classname="backend.tests.test_autonomous_jobs.TestAutonomousJobsAPI" name="test_get_autonomy_preferences" time="0.304" /><testcase classname="backend.tests.test_autonomous_jobs.TestAutonomousJobsAPI" name="test_update_autonomy_preferences" time="0.330" /><testcase classname="backend.tests.test_autonomous_jobs.TestAutonomousJobsAPI" name="test_ask_autonomy_preference" time="0.290" /><testcase classname="backend.tests.test_autonomous_jobs.TestAutonomousJobsAPI" name="test_get_job_analytics" time="0.299" /><testcase classname="backend.tests.test_autonomous_jobs.TestAutonomousJobsAPI" name="test_quick_start_research" time="0.295" /><testcase classname="backend.tests.test_autonomous_jobs.TestAutonomousJobsAPI" name="test_quick_start_outreach" time="4.748" /><testcase classname="backend.tests.test_autonomous_jobs.TestAutonomousJobsAPI" name="test_quick_start_follow_up" time="2.657" /><testcase classname="backend.tests.test_autonomous_jobs.TestAutonomousJobsAPI" name="test_get_nonexistent_job" time="0.295" /><testcase classname="backend.tests.test_autonomous_jobs.TestAutonomousJobsAPI" name="test_start_nonexistent_job" time="0.296" /><testcase classname="backend.tests.test_autonomous_jobs.TestAutonomousJobsAPI" name="test_unauthorized_access" time="0.329" /></testsuite></testsuites>