<?xml version="1.0" encoding="utf-8"?><testsuites name="pytest tests"><testsuite name="pytest" errors="0" failures="0" skipped="0" tests="32" time="47.087" timestamp="2026-02-01T13:21:02.046116+00:00" hostname="agent-env-c70ff3d8-df42-4f96-9617-2ec81c854e07"><testcase classname="backend.tests.test_phase3_phase4.TestPhase4KnowledgeBase" name="test_auto_ingest_requires_auth" time="0.068" /><testcase classname="backend.tests.test_phase3_phase4.TestPhase4KnowledgeBase" name="test_auto_ingest_requires_content" time="0.342" /><testcase classname="backend.tests.test_phase3_phase4.TestPhase4KnowledgeBase" name="test_auto_ingest_success" time="4.837" /><testcase classname="backend.tests.test_phase3_phase4.TestPhase4KnowledgeBase" name="test_auto_ingest_with_default_category" time="1.428" /><testcase classname="backend.tests.test_phase3_phase4.TestPhase4KnowledgeBase" name="test_search_requires_auth" time="0.039" /><testcase classname="backend.tests.test_phase3_phase4.TestPhase4KnowledgeBase" name="test_search_returns_results" time="2.476" /><testcase classname="backend.tests.test_phase3_phase4.TestPhase4KnowledgeBase" name="test_search_with_limit" time="0.277" /><testcase classname="backend.tests.test_phase3_phase4.TestPhase4KnowledgeBase" name="test_search_empty_query" time="0.270" /><testcase classname="backend.tests.test_phase3_phase4.TestPhase4KnowledgeBase" name="test_rag_query_requires_auth" time="0.038" /><testcase classname="backend.tests.test_phase3_phase4.TestPhase4KnowledgeBase" name="test_rag_query_requires_query" time="0.273" /><testcase classname="backend.tests.test_phase3_phase4.TestPhase4KnowledgeBase" name="test_rag_query_success" time="3.919" /><testcase classname="backend.tests.test_phase3_phase4.TestPhase4KnowledgeBase" name="test_rag_query_with_categories" time="1.023" /><testcase classname="backend.tests.test_phase3_phase4.TestPhase4KnowledgeBase" name="test_rag_query_no_documents" time="0.273" /><testcase classname="backend.tests.test_phase3_phase4.TestConversationHistory" name="test_list_sessions_requires_auth" time="0.038" /><testcase classname="backend.tests.test_phase3_phase4.TestConversationHistory" name="test_list_sessions_returns_formatted_list" time="1.211" /><testcase classname="backend.tests.test_phase3_phase4.TestConversationHistory" name="test_list_sessions_with_limit" time="0.273" /><testcase classname="backend.tests.test_phase3_phase4.TestConversationHistory" name="test_get_messages_requires_auth" time="0.033" /><testcase classname="backend.tests.test_phase3_phase4.TestConversationHistory" name="test_get_messages_nonexistent_session" time="0.268" /><testcase classname="backend.tests.test_phase3_phase4.TestConversationHistory" name="test_get_messages_success" time="4.831" /><testcase classname="backend.tests.test_phase3_phase4.TestConversationHistory" name="test_delete_session_requires_auth" time="0.088" /><testcase classname="backend.tests.test_phase3_phase4.TestConversationHistory" name="test_delete_session_nonexistent" time="0.273" /><testcase classname="backend.tests.test_phase3_phase4.TestConversationHistory" name="test_delete_session_success" time="1.118" /><testcase classname="backend.tests.test_phase3_phase4.TestConversationHistory" name="test_create_session_requires_auth" time="0.035" /><testcase classname="backend.tests.test_phase3_phase4.TestConversationHistory" name="test_create_session_success" time="0.273" /><testcase classname="backend.tests.test_phase3_phase4.TestConversationHistory" name="test_create_session_returns_unique_ids" time="0.322" /><testcase classname="backend.tests.test_phase3_phase4.TestPhase3PlanExecution" name="test_chat_creates_plan_with_knowledge_context" time="4.827" /><testcase classname="backend.tests.test_phase3_phase4.TestPhase3PlanExecution" name="test_quick_action_with_outreach_agent" time="2.740" /><testcase classname="backend.tests.test_phase3_phase4.TestPhase3PlanExecution" name="test_quick_action_with_knowledge_agent" time="4.071" /><testcase classname="backend.tests.test_phase3_phase4.TestPhase3PlanExecution" name="test_self_improvement_rules_endpoint" time="0.297" /><testcase classname="backend.tests.test_phase3_phase4.TestPhase3PlanExecution" name="test_agent_learnings_stored_after_execution" time="5.551" /><testcase classname="backend.tests.test_phase3_phase4.TestAPIIntegration" name="test_full_conversation_flow" time="2.425" /><testcase classname="backend.tests.test_phase3_phase4.TestAPIIntegration" name="test_knowledge_ingest_search_rag_flow" time="3.039" /></testsuite></testsuites>