<?xml version="1.0" encoding="utf-8"?><testsuites name="pytest tests"><testsuite name="pytest" errors="0" failures="0" skipped="0" tests="22" time="48.139" timestamp="2026-01-28T21:26:44.827859+00:00" hostname="agent-env-10dae244-636c-46e3-b2e3-e4189384f4d8"><testcase classname="backend.tests.test_email_optimization.TestEmailOptimization" name="test_optimize_email_basic" time="6.273" /><testcase classname="backend.tests.test_email_optimization.TestEmailOptimization" name="test_optimize_email_without_context" time="5.281" /><testcase classname="backend.tests.test_email_optimization.TestEmailOptimization" name="test_create_ab_test_subject" time="1.667" /><testcase classname="backend.tests.test_email_optimization.TestEmailOptimization" name="test_create_ab_test_body" time="3.657" /><testcase classname="backend.tests.test_email_optimization.TestEmailOptimization" name="test_create_ab_test_full" time="4.875" /><testcase classname="backend.tests.test_email_optimization.TestEmailOptimization" name="test_list_ab_tests" time="0.277" /><testcase classname="backend.tests.test_email_optimization.TestEmailOptimization" name="test_get_ab_test_details" time="1.248" /><testcase classname="backend.tests.test_email_optimization.TestEmailOptimization" name="test_get_nonexistent_test" time="0.280" /><testcase classname="backend.tests.test_email_optimization.TestEmailOptimization" name="test_select_winner_auto" time="1.979" /><testcase classname="backend.tests.test_email_optimization.TestEmailOptimization" name="test_select_winner_manual" time="1.434" /><testcase classname="backend.tests.test_email_optimization.TestEmailOptimization" name="test_track_email_open" time="0.279" /><testcase classname="backend.tests.test_email_optimization.TestEmailOptimization" name="test_track_email_click" time="0.286" /><testcase classname="backend.tests.test_email_optimization.TestEmailOptimization" name="test_track_email_reply" time="0.278" /><testcase classname="backend.tests.test_email_optimization.TestEmailOptimization" name="test_track_with_variation" time="1.054" /><testcase classname="backend.tests.test_email_optimization.TestEmailOptimization" name="test_get_insights" time="0.274" /><testcase classname="backend.tests.test_email_optimization.TestEmailOptimization" name="test_auto_optimize_draft_not_found" time="0.269" /><testcase classname="backend.tests.test_email_optimization.TestEmailOptimization" name="test_get_optimization_history" time="8.679" /><testcase classname="backend.tests.test_email_optimization.TestEmailOptimization" name="test_optimize_empty_subject" time="8.634" /><testcase classname="backend.tests.test_email_optimization.TestEmailOptimization" name="test_create_test_minimum_variations" time="1.197" /><testcase classname="backend.tests.test_email_optimization.TestEmailOptimizationAuth" name="test_optimize_requires_auth" time="0.039" /><testcase classname="backend.tests.test_email_optimization.TestEmailOptimizationAuth" name="test_ab_test_requires_auth" time="0.038" /><testcase classname="backend.tests.test_email_optimization.TestEmailOptimizationAuth" name="test_insights_requires_auth" time="0.041" /></testsuite></testsuites>